[1] "Jones 2 start"
[1] "Jones 2 completed"
[1] "Jones 3 start"
[1] "Jones 3 completed"
[1] "Jones 4 start"
[1] "Jones 4 completed"
[1] "Jones 5 start"
[1] "Jones 5 completed"
[1] "Jones 6 start"
[1] "Jones 6 completed"
[1] "Jones 7 start"
[1] "Jones 7 completed"
[1] "Jones 8 start"
[1] "Jones 8 completed"
[1] "Jones 9 start"
[1] "Jones 9 completed"
[1] "Jones 10 start"
[1] "Jones 10 completed"
[1] "Noguera-Julian 2 start"
[1] "Noguera-Julian 2 completed"
[1] "Noguera-Julian 3 start"
[1] "Noguera-Julian 3 completed"
[1] "Noguera-Julian 4 start"
[1] "Noguera-Julian 4 completed"
[1] "Noguera-Julian 5 start"
[1] "Noguera-Julian 5 completed"
[1] "Noguera-Julian 6 start"
[1] "Noguera-Julian 6 completed"
[1] "Noguera-Julian 7 start"
[1] "Noguera-Julian 7 completed"
[1] "Noguera-Julian 8 start"
[1] "Noguera-Julian 8 completed"
[1] "Noguera-Julian 9 start"
[1] "Noguera-Julian 9 completed"
[1] "Noguera-Julian 10 start"
[1] "Noguera-Julian 10 completed"
[1] "Vangay 2 start"
[1] "Vangay 2 completed"
[1] "Vangay 3 start"
[1] "Vangay 3 completed"
[1] "Vangay 4 start"
[1] "Vangay 4 completed"
[1] "Vangay 5 start"
[1] "Vangay 5 completed"
[1] "Vangay 6 start"
[1] "Vangay 6 completed"
[1] "Vangay 7 start"
[1] "Vangay 7 completed"
[1] "Vangay 8 start"
[1] "Vangay 8 completed"
[1] "Vangay 9 start"
[1] "Vangay 9 completed"
[1] "Vangay 10 start"
[1] "Vangay 10 completed"
[1] "Zeller 2 start"
[1] "Zeller 2 completed"
[1] "Zeller 3 start"
[1] "Zeller 3 completed"
[1] "Zeller 4 start"
[1] "Zeller 4 completed"
[1] "Zeller 5 start"
[1] "Zeller 5 completed"
[1] "Zeller 6 start"
[1] "Zeller 6 completed"
[1] "Zeller 7 start"
[1] "Zeller 7 completed"
[1] "Zeller 8 start"
[1] "Zeller 8 completed"
[1] "Zeller 9 start"
[1] "Zeller 9 completed"
[1] "Zeller 10 start"
[1] "Zeller 10 completed"
